<?xml version="1.0" encoding="UTF-8"?>
<!-- Generated by org.testng.reporters.JUnitReportReporter -->
<testsuite hostname="DESKTOP-FBU6CG5" failures="0" tests="3" name="com.Runner.TestRunner" time="30.122" errors="0" timestamp="2024-08-23T18:13:41 IST" skipped="0">
  <testcase classname="com.Runner.TestRunner" name="runScenario" time="11.992"/>
  <testcase classname="com.Runner.TestRunner" name="runScenario" time="8.325"/>
  <testcase classname="com.Runner.TestRunner" name="runScenario" time="9.805"/>
</testsuite> <!-- com.Runner.TestRunner -->
